2023-04-22T03:41:09.715Z [INFO] 

      :::     :::    ::: ::::::::::: :::    :::          :::     :::::::::  :::::::::  
    :+: :+:   :+:    :+:     :+:     :+:    :+:        :+: :+:   :+:    :+: :+:    :+: 
   +:+   +:+  +:+    +:+     +:+     +:+    +:+       +:+   +:+  +:+    +:+ +:+    +:+ 
  +#++:++#++: +#+    +:+     +#+     +#++:++#++      +#++:++#++: +#++:++#+  +#++:++#+  
  +#+     +#+ +#+    +#+     +#+     +#+    +#+      +#+     +#+ +#+        +#+        
  #+#     #+# #+#    #+#     #+#     #+#    #+#      #+#     #+# #+#        #+#        
  ###     ###  ########      ###     ###    ###      ###     ### ###        ###              

⣿⣿⣿⣿⣿⣿⣿⣿⣿⣿⣿⣿⣿⣿⣿⣿⣿⣿⣿⣿⣿⣿⣿⣿⣿⣿⣿⣿⣿⣿⣿⣿⣿⣿⣿⣿⣿⣿⣿⣿⠿⡛⠛⠛⠋⠉⠛⠿⣿⣿⣿⣿⣿⣿⣿⣿⣿⣿⣿⣿⣿⣿⣿⣿⣿⣿⣿⣿⣿⣿⣿⣿⣿⣿⣿⣿⣿⣿⣿⣿⣿⣿⣿⣿⣿⣿⣿
⣿⣿⣿⣿⣿⣿⣿⣿⣿⣿⣿⣿⣿⣿⣿⣿⣿⣿⣿⣿⣿⣿⣿⣿⣿⣿⣿⣿⣿⣿⣿⣿⣿⣿⣿⣿⣿⣿⣟⠍⠠⠂⠀⠀⠀⠀⠂⠀⠜⠿⣿⣿⣿⣿⣿⣿⣿⣿⣿⣿⣿⣿⣿⣿⣿⣿⣿⣿⣿⣿⣿⣿⣿⣿⣿⣿⣿⣿⣿⣿⣿⣿⣿⣿⣿⣿⣿
⣿⣿⣿⣿⣿⣿⣿⣿⣿⣿⣿⣿⣿⣿⣿⣿⣿⣿⣿⣿⣿⣿⣿⣿⣿⣿⣿⣿⣿⣿⣿⣿⣿⣿⣿⣿⣿⡟⢱⠀⠀⠀⠀⠀⢀⠠⠐⠀⢠⡕⣼⣿⣿⣿⣿⣿⣿⣿⣿⣿⣿⣿⣿⣿⣿⣿⣿⣿⣿⣿⣿⣿⣿⣿⣿⣿⣿⣿⣿⣿⣿⣿⣿⣿⣿⣿⣿
⣿⣿⣿⣿⣿⣿⣿⣿⣿⣿⣿⣿⣿⣿⣿⣿⣿⣿⣿⣿⣿⣿⣿⣿⣿⣿⣿⣿⣿⣿⣿⣿⣿⣿⣿⣿⣿⣷⠇⠂⠀⠀⠀⠀⠀⠀⠀⠀⠐⢳⢸⣿⣿⣿⣿⣿⣿⣿⣿⣿⣿⣿⣿⣿⣿⣿⣿⣿⣿⣿⣿⣿⣿⣿⣿⣿⣿⣿⣿⣿⣿⣿⣿⣿⣿⣿⣿
⣿⣿⣿⣿⣿⣿⣿⣿⣿⣿⣿⣿⣿⣿⣿⣿⣿⣿⣿⣿⣿⣿⣿⣿⣿⣿⣿⣿⣿⣿⣿⣿⣿⣿⣿⣿⣿⣿⢰⣾⣿⣿⣆⢀⠀⢸⣿⣷⣶⠸⣿⣿⣿⣿⣿⣿⣿⣿⣿⣿⣿⣿⣿⣿⣿⣿⣿⣿⣿⣿⣿⣿⣿⣿⣿⣿⣿⣿⣿⣿⣿⣿⣿⣿⣿⣿⣿
⣿⣿⣿⣿⣿⣿⣿⣿⣿⣿⣿⣿⣿⣿⣿⣿⣿⣿⣿⣿⣿⣿⣿⣿⣿⣿⣿⣿⣿⣿⣿⣿⣿⣿⣿⣿⣿⡇⢸⣿⣿⣿⡏⣼⣇⢻⣿⣿⣿⠇⢻⣿⣿⣿⣿⣿⣿⣿⣿⣿⣿⣿⣿⣿⣿⣿⣿⣿⣿⣿⣿⣿⣿⣿⣿⣿⣿⣿⣿⣿⣿⣿⣿⣿⣿⣿⣿
⣿⣿⣿⣿⣿⣿⣿⣿⣿⣿⣿⣿⣿⣿⣿⣿⣿⣿⣿⣿⣿⣿⣿⣿⣿⣿⣿⣿⣿⣿⣿⣿⣿⣿⣿⣿⣿⣇⢀⣉⡀⠝⢠⡟⣿⡈⠀⢀⣀⢀⣼⣿⣿⣿⣿⣿⣿⣿⣿⣿⣿⣿⣿⣿⣿⣿⣿⣿⣿⣿⣿⣿⣿⣿⣿⣿⣿⣿⣿⣿⣿⣿⣿⣿⣿⣿⣿
⣿⣿⣿⣿⣿⣿⣿⣿⣿⣿⣿⣿⣿⣿⣿⣿⣿⣿⣿⣿⣿⣿⣿⣿⣿⣿⣿⣿⣿⣿⣿⣿⣿⣿⣿⣿⣿⣿⣿⣿⣷⠀⡈⡉⠉⣑⢠⣿⣿⣿⣿⣿⣿⣿⣿⣿⣿⣿⣿⣿⣿⣿⣿⣿⣿⣿⣿⣿⣿⣿⣿⣿⣿⣿⣿⣿⣿⣿⣿⣿⣿⣿⣿⣿⣿⣿⣿
⣿⣿⣿⣿⣿⣿⣿⣿⣿⣿⣿⣿⣿⣿⣿⣿⣿⣿⣿⣿⣿⣿⣿⣿⣿⣿⣿⣿⣿⣿⣿⣿⣿⣿⣿⣿⣿⣿⣿⡾⢿⢟⡗⣿⢸⣿⣿⡿⢿⣿⣿⣿⣿⣿⣿⣿⣿⣿⣿⣿⣿⣿⣿⣿⣿⣿⣿⣿⣿⣿⣿⣿⣿⣿⣿⣿⣿⣿⣿⣿⣿⣿⣿⣿⣿⣿⣿
⣿⣿⣿⣿⣿⣿⣿⣿⣿⣿⣿⣿⣿⣿⣿⣿⣿⣿⣿⣿⣿⣿⣿⣿⣿⣿⣿⣿⣿⣿⣿⣿⣿⣿⣿⣿⣿⣿⣿⣇⡄⡉⠓⠛⠞⠒⢋⠠⣸⣿⣿⣿⣿⣿⣿⣿⣿⣿⣿⣿⣿⣿⣿⣿⣿⣿⣿⣿⣿⣿⣿⣿⣿⣿⣿⣿⣿⣿⣿⣿⣿⣿⣿⣿⣿⣿⣿
⣿⣿⣿⣿⣿⣿⣿⣿⣿⣿⣿⣿⣿⣿⣿⣿⣿⣿⣿⣿⣿⣿⣿⣿⣿⣿⣿⣿⣿⣿⣿⣿⣿⣿⣿⣿⣿⣿⣿⣿⣷⣮⣄⣀⣀⣠⣥⣾⣿⣿⣿⣿⣿⣿⣿⣿⣿⣿⣿⣿⣿⣿⣿⣿⣿⣿⣿⣿⣿⣿⣿⣿⣿⣿⣿⣿⣿⣿⣿⣿⣿⣿⣿⣿⣿⣿⣿

2023-04-22T03:41:09.719Z [INFO] -------------------------------------
2023-04-22T03:41:09.719Z [INFO] ✓ Database connection successful
2023-04-22T03:41:09.720Z [INFO] ✓ DB Engine: [ mysql]
2023-04-22T03:41:09.720Z [INFO] ✓ DB Host:   [ localhost]
2023-04-22T03:41:09.721Z [INFO] ✓ DB Name:   [ ra_db_soft]
2023-04-22T03:41:09.721Z [INFO] ✓ DB Name:   [ 3304]
2023-04-22T03:41:09.721Z [INFO] ✓ System started in HTTP mode
2023-04-22T03:41:09.722Z [INFO] ✓ Sever started : 4102
2023-04-22T03:41:09.722Z [INFO] ✓ Current environment:  [dev]
2023-04-22T03:41:09.723Z [INFO] ✓ Sockets started successfuly
2023-04-22T03:41:09.723Z [INFO] ✓ Swagger has begun on /api-doc
2023-04-22T03:41:09.726Z [INFO] -------------------------------------
2023-04-22T03:41:09.746Z [INFO] Super user found--> rarellano8888@gmail.com
2023-04-22T03:41:09.747Z [INFO] -------------------------------------
2023-04-22T03:41:09.748Z [INFO] Origin allowed--> http://localhost
2023-04-22T03:41:09.749Z [INFO] -------------------------------------
2023-04-22T03:41:09.753Z [INFO] Role found--> God
2023-04-22T03:41:09.753Z [INFO] Role found--> Super user
2023-04-22T03:41:09.753Z [INFO] Role found--> Administrator
2023-04-22T03:41:09.754Z [INFO] Role found--> Finantial
2023-04-22T03:41:09.755Z [INFO] Role found--> Customer service
2023-04-22T03:41:09.755Z [INFO] Role found--> Marketing
2023-04-22T03:41:09.756Z [INFO] Role found--> User
2023-04-22T03:41:09.756Z [INFO] Role found--> IT Support
2023-04-22T03:41:09.756Z [INFO] -------------------------------------
